<?xml version="1.0" encoding="UTF-8"?>
<!-- Generated by org.testng.reporters.JUnitReportReporter -->
<testsuite skipped="0" hostname="Hp" name="RegisterTest" tests="2" failures="0" timestamp="10 Jan 2018 06:47:08 GMT" time="16.875" errors="0">
  <testcase name="testVerifyPageTitle" time="0.032" classname="RegisterTest"/>
  <testcase name="testRegister" time="16.843" classname="RegisterTest"/>
</testsuite> <!-- RegisterTest -->
