<?xml version="1.0" encoding="UTF-8"?>
<!-- Generated by org.testng.reporters.JUnitReportReporter -->
<testsuite skipped="0" hostname="Hp" name="ScollUpAndDownTest" tests="1" failures="0" timestamp="10 Jan 2018 22:36:23 GMT" time="10.082" errors="0">
  <testcase name="testScrollUpAndDown" time="10.082" classname="ScollUpAndDownTest"/>
</testsuite> <!-- ScollUpAndDownTest -->
