<?xml version="1.0" encoding="UTF-8"?>
<!-- Generated by org.testng.reporters.JUnitReportReporter -->
<testsuite skipped="0" hostname="Hp" name="TestContactUs" tests="1" failures="0" timestamp="10 Jan 2018 07:27:28 GMT" time="5.908" errors="0">
  <testcase name="testContactUsFlow" time="5.908" classname="TestContactUs"/>
</testsuite> <!-- TestContactUs -->
